<?xml version="1.0" encoding="UTF-8"?>
<!-- Generated by org.testng.reporters.JUnitReportReporter -->
<testsuite hostname="MSI" failures="0" tests="1" name="uk.co.automationtesting.OrderPlacedTest" time="27.916" errors="0" timestamp="2024-02-29T16:25:39 IST" skipped="0">
  <testcase classname="uk.co.automationtesting.OrderPlacedTest" name="EndToEndTest" time="27.916"/>
</testsuite> <!-- uk.co.automationtesting.OrderPlacedTest -->
